Analysis & Synthesis report for NivelRT
Fri Aug 30 21:07:24 2024
Quartus II 64-Bit Version 13.0.1 Build 232 06/12/2013 Service Pack 1 SJ Web Edition


---------------------
; Table of Contents ;
---------------------
  1. Legal Notice
  2. Analysis & Synthesis Summary
  3. Analysis & Synthesis Settings
  4. Parallel Compilation
  5. Analysis & Synthesis Source Files Read
  6. Analysis & Synthesis Resource Usage Summary
  7. Analysis & Synthesis Resource Utilization by Entity
  8. State Machine - |NivelRT|FSM:FSM1|state
  9. Registers Removed During Synthesis
 10. General Register Statistics
 11. Multiplexer Restructuring Statistics (Restructuring Performed)
 12. Port Connectivity Checks: "Datapath:DATAPATH0|Mux8_1:MUXB"
 13. Elapsed Time Per Partition
 14. Analysis & Synthesis Messages



----------------
; Legal Notice ;
----------------
Copyright (C) 1991-2013 Altera Corporation
Your use of Altera Corporation's design tools, logic functions 
and other software and tools, and its AMPP partner logic 
functions, and any output files from any of the foregoing 
(including device programming or simulation files), and any 
associated documentation or information are expressly subject 
to the terms and conditions of the Altera Program License 
Subscription Agreement, Altera MegaCore Function License 
Agreement, or other applicable license agreement, including, 
without limitation, that your use is for the sole purpose of 
programming logic devices manufactured by Altera and sold by 
Altera or its authorized distributors.  Please refer to the 
applicable agreement for further details.



+--------------------------------------------------------------------------------------+
; Analysis & Synthesis Summary                                                         ;
+------------------------------------+-------------------------------------------------+
; Analysis & Synthesis Status        ; Successful - Fri Aug 30 21:07:24 2024           ;
; Quartus II 64-Bit Version          ; 13.0.1 Build 232 06/12/2013 SP 1 SJ Web Edition ;
; Revision Name                      ; NivelRT                                         ;
; Top-level Entity Name              ; NivelRT                                         ;
; Family                             ; Cyclone II                                      ;
; Total logic elements               ; 112                                             ;
;     Total combinational functions  ; 84                                              ;
;     Dedicated logic registers      ; 39                                              ;
; Total registers                    ; 39                                              ;
; Total pins                         ; 54                                              ;
; Total virtual pins                 ; 0                                               ;
; Total memory bits                  ; 0                                               ;
; Embedded Multiplier 9-bit elements ; 0                                               ;
; Total PLLs                         ; 0                                               ;
+------------------------------------+-------------------------------------------------+


+----------------------------------------------------------------------------------------------------------------------+
; Analysis & Synthesis Settings                                                                                        ;
+----------------------------------------------------------------------------+--------------------+--------------------+
; Option                                                                     ; Setting            ; Default Value      ;
+----------------------------------------------------------------------------+--------------------+--------------------+
; Device                                                                     ; EP2C35F672C6       ;                    ;
; Top-level entity name                                                      ; NivelRT            ; NivelRT            ;
; Family name                                                                ; Cyclone II         ; Cyclone IV GX      ;
; Use smart compilation                                                      ; Off                ; Off                ;
; Enable parallel Assembler and TimeQuest Timing Analyzer during compilation ; On                 ; On                 ;
; Enable compact report table                                                ; Off                ; Off                ;
; Restructure Multiplexers                                                   ; Auto               ; Auto               ;
; Create Debugging Nodes for IP Cores                                        ; Off                ; Off                ;
; Preserve fewer node names                                                  ; On                 ; On                 ;
; Disable OpenCore Plus hardware evaluation                                  ; Off                ; Off                ;
; Verilog Version                                                            ; Verilog_2001       ; Verilog_2001       ;
; VHDL Version                                                               ; VHDL_1993          ; VHDL_1993          ;
; State Machine Processing                                                   ; Auto               ; Auto               ;
; Safe State Machine                                                         ; Off                ; Off                ;
; Extract Verilog State Machines                                             ; On                 ; On                 ;
; Extract VHDL State Machines                                                ; On                 ; On                 ;
; Ignore Verilog initial constructs                                          ; Off                ; Off                ;
; Iteration limit for constant Verilog loops                                 ; 5000               ; 5000               ;
; Iteration limit for non-constant Verilog loops                             ; 250                ; 250                ;
; Add Pass-Through Logic to Inferred RAMs                                    ; On                 ; On                 ;
; Infer RAMs from Raw Logic                                                  ; On                 ; On                 ;
; Parallel Synthesis                                                         ; On                 ; On                 ;
; DSP Block Balancing                                                        ; Auto               ; Auto               ;
; NOT Gate Push-Back                                                         ; On                 ; On                 ;
; Power-Up Don't Care                                                        ; On                 ; On                 ;
; Remove Redundant Logic Cells                                               ; Off                ; Off                ;
; Remove Duplicate Registers                                                 ; On                 ; On                 ;
; Ignore CARRY Buffers                                                       ; Off                ; Off                ;
; Ignore CASCADE Buffers                                                     ; Off                ; Off                ;
; Ignore GLOBAL Buffers                                                      ; Off                ; Off                ;
; Ignore ROW GLOBAL Buffers                                                  ; Off                ; Off                ;
; Ignore LCELL Buffers                                                       ; Off                ; Off                ;
; Ignore SOFT Buffers                                                        ; On                 ; On                 ;
; Limit AHDL Integers to 32 Bits                                             ; Off                ; Off                ;
; Optimization Technique                                                     ; Balanced           ; Balanced           ;
; Carry Chain Length                                                         ; 70                 ; 70                 ;
; Auto Carry Chains                                                          ; On                 ; On                 ;
; Auto Open-Drain Pins                                                       ; On                 ; On                 ;
; Perform WYSIWYG Primitive Resynthesis                                      ; Off                ; Off                ;
; Auto ROM Replacement                                                       ; On                 ; On                 ;
; Auto RAM Replacement                                                       ; On                 ; On                 ;
; Auto Shift Register Replacement                                            ; Auto               ; Auto               ;
; Allow Shift Register Merging across Hierarchies                            ; Auto               ; Auto               ;
; Auto Clock Enable Replacement                                              ; On                 ; On                 ;
; Strict RAM Replacement                                                     ; Off                ; Off                ;
; Allow Synchronous Control Signals                                          ; On                 ; On                 ;
; Force Use of Synchronous Clear Signals                                     ; Off                ; Off                ;
; Auto RAM to Logic Cell Conversion                                          ; Off                ; Off                ;
; Auto Resource Sharing                                                      ; Off                ; Off                ;
; Allow Any RAM Size For Recognition                                         ; Off                ; Off                ;
; Allow Any ROM Size For Recognition                                         ; Off                ; Off                ;
; Allow Any Shift Register Size For Recognition                              ; Off                ; Off                ;
; Use LogicLock Constraints during Resource Balancing                        ; On                 ; On                 ;
; Ignore translate_off and synthesis_off directives                          ; Off                ; Off                ;
; Timing-Driven Synthesis                                                    ; Off                ; Off                ;
; Report Parameter Settings                                                  ; On                 ; On                 ;
; Report Source Assignments                                                  ; On                 ; On                 ;
; Report Connectivity Checks                                                 ; On                 ; On                 ;
; Ignore Maximum Fan-Out Assignments                                         ; Off                ; Off                ;
; Synchronization Register Chain Length                                      ; 2                  ; 2                  ;
; PowerPlay Power Optimization                                               ; Normal compilation ; Normal compilation ;
; HDL message level                                                          ; Level2             ; Level2             ;
; Suppress Register Optimization Related Messages                            ; Off                ; Off                ;
; Number of Removed Registers Reported in Synthesis Report                   ; 5000               ; 5000               ;
; Number of Swept Nodes Reported in Synthesis Report                         ; 5000               ; 5000               ;
; Number of Inverted Registers Reported in Synthesis Report                  ; 100                ; 100                ;
; Clock MUX Protection                                                       ; On                 ; On                 ;
; Auto Gated Clock Conversion                                                ; Off                ; Off                ;
; Block Design Naming                                                        ; Auto               ; Auto               ;
; SDC constraint protection                                                  ; Off                ; Off                ;
; Synthesis Effort                                                           ; Auto               ; Auto               ;
; Shift Register Replacement - Allow Asynchronous Clear Signal               ; On                 ; On                 ;
; Pre-Mapping Resynthesis Optimization                                       ; Off                ; Off                ;
; Analysis & Synthesis Message Level                                         ; Medium             ; Medium             ;
; Disable Register Merging Across Hierarchies                                ; Auto               ; Auto               ;
; Resource Aware Inference For Block RAM                                     ; On                 ; On                 ;
; Synthesis Seed                                                             ; 1                  ; 1                  ;
+----------------------------------------------------------------------------+--------------------+--------------------+


Parallel compilation was disabled, but you have multiple processors available. Enable parallel compilation to reduce compilation time.
+-------------------------------------+
; Parallel Compilation                ;
+----------------------------+--------+
; Processors                 ; Number ;
+----------------------------+--------+
; Number detected on machine ; 4      ;
; Maximum allowed            ; 1      ;
+----------------------------+--------+


+---------------------------------------------------------------------------------------------------------------------------------------------------+
; Analysis & Synthesis Source Files Read                                                                                                            ;
+----------------------------------+-----------------+-----------------+------------------------------------------------------------------+---------+
; File Name with User-Entered Path ; Used in Netlist ; File Type       ; File Name with Absolute Path                                     ; Library ;
+----------------------------------+-----------------+-----------------+------------------------------------------------------------------+---------+
; FA.vhd                           ; yes             ; User VHDL File  ; C:/Users/alunos/Downloads/ProjetoFinal/ProjetoFinal/FA.vhd       ;         ;
; Reg8b.vhd                        ; yes             ; User VHDL File  ; C:/Users/alunos/Downloads/ProjetoFinal/ProjetoFinal/Reg8b.vhd    ;         ;
; Mux8_1.vhd                       ; yes             ; User VHDL File  ; C:/Users/alunos/Downloads/ProjetoFinal/ProjetoFinal/Mux8_1.vhd   ;         ;
; MUX2_1.vhd                       ; yes             ; User VHDL File  ; C:/Users/alunos/Downloads/ProjetoFinal/ProjetoFinal/MUX2_1.vhd   ;         ;
; DEC3_8.vhd                       ; yes             ; User VHDL File  ; C:/Users/alunos/Downloads/ProjetoFinal/ProjetoFinal/DEC3_8.vhd   ;         ;
; Deslc.vhd                        ; yes             ; User VHDL File  ; C:/Users/alunos/Downloads/ProjetoFinal/ProjetoFinal/Deslc.vhd    ;         ;
; ULA.vhd                          ; yes             ; User VHDL File  ; C:/Users/alunos/Downloads/ProjetoFinal/ProjetoFinal/ULA.vhd      ;         ;
; Datapath.vhd                     ; yes             ; User VHDL File  ; C:/Users/alunos/Downloads/ProjetoFinal/ProjetoFinal/Datapath.vhd ;         ;
; FSM.vhd                          ; yes             ; User VHDL File  ; C:/Users/alunos/Downloads/ProjetoFinal/ProjetoFinal/FSM.vhd      ;         ;
; NivelRT.vhd                      ; yes             ; User VHDL File  ; C:/Users/alunos/Downloads/ProjetoFinal/ProjetoFinal/NivelRT.vhd  ;         ;
+----------------------------------+-----------------+-----------------+------------------------------------------------------------------+---------+


+-----------------------------------------------------+
; Analysis & Synthesis Resource Usage Summary         ;
+---------------------------------------------+-------+
; Resource                                    ; Usage ;
+---------------------------------------------+-------+
; Estimated Total logic elements              ; 112   ;
;                                             ;       ;
; Total combinational functions               ; 84    ;
; Logic element usage by number of LUT inputs ;       ;
;     -- 4 input functions                    ; 52    ;
;     -- 3 input functions                    ; 29    ;
;     -- <=2 input functions                  ; 3     ;
;                                             ;       ;
; Logic elements by mode                      ;       ;
;     -- normal mode                          ; 84    ;
;     -- arithmetic mode                      ; 0     ;
;                                             ;       ;
; Total registers                             ; 39    ;
;     -- Dedicated logic registers            ; 39    ;
;     -- I/O registers                        ; 0     ;
;                                             ;       ;
; I/O pins                                    ; 54    ;
; Embedded Multiplier 9-bit elements          ; 0     ;
; Maximum fan-out node                        ; clk   ;
; Maximum fan-out                             ; 39    ;
; Total fan-out                               ; 492   ;
; Average fan-out                             ; 2.78  ;
+---------------------------------------------+-------+


+---------------------------------------------------------------------------------------------------------------------------------------------------------------------------------------------------------+
; Analysis & Synthesis Resource Utilization by Entity                                                                                                                                                     ;
+----------------------------+-------------------+--------------+-------------+--------------+---------+-----------+------+--------------+-------------------------------------------------+--------------+
; Compilation Hierarchy Node ; LC Combinationals ; LC Registers ; Memory Bits ; DSP Elements ; DSP 9x9 ; DSP 18x18 ; Pins ; Virtual Pins ; Full Hierarchy Name                             ; Library Name ;
+----------------------------+-------------------+--------------+-------------+--------------+---------+-----------+------+--------------+-------------------------------------------------+--------------+
; |NivelRT                   ; 84 (0)            ; 39 (0)       ; 0           ; 0            ; 0       ; 0         ; 54   ; 0            ; |NivelRT                                        ; work         ;
;    |Datapath:DATAPATH0|    ; 77 (0)            ; 32 (0)       ; 0           ; 0            ; 0       ; 0         ; 0    ; 0            ; |NivelRT|Datapath:DATAPATH0                     ; work         ;
;       |DEC3_8:DEC|         ; 4 (4)             ; 0 (0)        ; 0           ; 0            ; 0       ; 0         ; 0    ; 0            ; |NivelRT|Datapath:DATAPATH0|DEC3_8:DEC          ; work         ;
;       |Mux2_1:MUX_FINAL|   ; 8 (8)             ; 0 (0)        ; 0           ; 0            ; 0       ; 0         ; 0    ; 0            ; |NivelRT|Datapath:DATAPATH0|Mux2_1:MUX_FINAL    ; work         ;
;       |Mux8_1:MUXA|        ; 16 (16)           ; 0 (0)        ; 0           ; 0            ; 0       ; 0         ; 0    ; 0            ; |NivelRT|Datapath:DATAPATH0|Mux8_1:MUXA         ; work         ;
;       |Mux8_1:MUXB|        ; 17 (17)           ; 0 (0)        ; 0           ; 0            ; 0       ; 0         ; 0    ; 0            ; |NivelRT|Datapath:DATAPATH0|Mux8_1:MUXB         ; work         ;
;       |Reg8b:Re0|          ; 0 (0)             ; 8 (8)        ; 0           ; 0            ; 0       ; 0         ; 0    ; 0            ; |NivelRT|Datapath:DATAPATH0|Reg8b:Re0           ; work         ;
;       |Reg8b:Re1|          ; 0 (0)             ; 8 (8)        ; 0           ; 0            ; 0       ; 0         ; 0    ; 0            ; |NivelRT|Datapath:DATAPATH0|Reg8b:Re1           ; work         ;
;       |Reg8b:Re2|          ; 0 (0)             ; 8 (8)        ; 0           ; 0            ; 0       ; 0         ; 0    ; 0            ; |NivelRT|Datapath:DATAPATH0|Reg8b:Re2           ; work         ;
;       |Reg8b:Re3|          ; 0 (0)             ; 8 (8)        ; 0           ; 0            ; 0       ; 0         ; 0    ; 0            ; |NivelRT|Datapath:DATAPATH0|Reg8b:Re3           ; work         ;
;       |ULA:ALU|            ; 32 (20)           ; 0 (0)        ; 0           ; 0            ; 0       ; 0         ; 0    ; 0            ; |NivelRT|Datapath:DATAPATH0|ULA:ALU             ; work         ;
;          |FA:\G1:1:Mx|     ; 2 (2)             ; 0 (0)        ; 0           ; 0            ; 0       ; 0         ; 0    ; 0            ; |NivelRT|Datapath:DATAPATH0|ULA:ALU|FA:\G1:1:Mx ; work         ;
;          |FA:\G1:2:Mx|     ; 2 (2)             ; 0 (0)        ; 0           ; 0            ; 0       ; 0         ; 0    ; 0            ; |NivelRT|Datapath:DATAPATH0|ULA:ALU|FA:\G1:2:Mx ; work         ;
;          |FA:\G1:3:Mx|     ; 2 (2)             ; 0 (0)        ; 0           ; 0            ; 0       ; 0         ; 0    ; 0            ; |NivelRT|Datapath:DATAPATH0|ULA:ALU|FA:\G1:3:Mx ; work         ;
;          |FA:\G1:4:Mx|     ; 2 (2)             ; 0 (0)        ; 0           ; 0            ; 0       ; 0         ; 0    ; 0            ; |NivelRT|Datapath:DATAPATH0|ULA:ALU|FA:\G1:4:Mx ; work         ;
;          |FA:\G1:5:Mx|     ; 2 (2)             ; 0 (0)        ; 0           ; 0            ; 0       ; 0         ; 0    ; 0            ; |NivelRT|Datapath:DATAPATH0|ULA:ALU|FA:\G1:5:Mx ; work         ;
;          |FA:\G1:6:Mx|     ; 1 (1)             ; 0 (0)        ; 0           ; 0            ; 0       ; 0         ; 0    ; 0            ; |NivelRT|Datapath:DATAPATH0|ULA:ALU|FA:\G1:6:Mx ; work         ;
;          |FA:\G1:7:Mx|     ; 1 (1)             ; 0 (0)        ; 0           ; 0            ; 0       ; 0         ; 0    ; 0            ; |NivelRT|Datapath:DATAPATH0|ULA:ALU|FA:\G1:7:Mx ; work         ;
;    |FSM:FSM1|              ; 7 (7)             ; 7 (7)        ; 0           ; 0            ; 0       ; 0         ; 0    ; 0            ; |NivelRT|FSM:FSM1                               ; work         ;
+----------------------------+-------------------+--------------+-------------+--------------+---------+-----------+------+--------------+-------------------------------------------------+--------------+
Note: For table entries with two numbers listed, the numbers in parentheses indicate the number of resources of the given type used by the specific entity alone. The numbers listed outside of parentheses indicate the total resources of the given type used by the specific entity and all of its sub-entities in the hierarchy.


Encoding Type:  One-Hot
+---------------------------------------------------------------------------------------+
; State Machine - |NivelRT|FSM:FSM1|state                                               ;
+----------+----------+----------+----------+----------+----------+----------+----------+
; Name     ; state.S6 ; state.S5 ; state.S4 ; state.S3 ; state.S2 ; state.S1 ; state.S0 ;
+----------+----------+----------+----------+----------+----------+----------+----------+
; state.S0 ; 0        ; 0        ; 0        ; 0        ; 0        ; 0        ; 0        ;
; state.S1 ; 0        ; 0        ; 0        ; 0        ; 0        ; 1        ; 1        ;
; state.S2 ; 0        ; 0        ; 0        ; 0        ; 1        ; 0        ; 1        ;
; state.S3 ; 0        ; 0        ; 0        ; 1        ; 0        ; 0        ; 1        ;
; state.S4 ; 0        ; 0        ; 1        ; 0        ; 0        ; 0        ; 1        ;
; state.S5 ; 0        ; 1        ; 0        ; 0        ; 0        ; 0        ; 1        ;
; state.S6 ; 1        ; 0        ; 0        ; 0        ; 0        ; 0        ; 1        ;
+----------+----------+----------+----------+----------+----------+----------+----------+


+-------------------------------------------------------------+
; Registers Removed During Synthesis                          ;
+----------------------------------------+--------------------+
; Register name                          ; Reason for Removal ;
+----------------------------------------+--------------------+
; Datapath:DATAPATH0|Reg8b:R7|Q[0..7]    ; Lost fanout        ;
; Datapath:DATAPATH0|Reg8b:R6|Q[0..7]    ; Lost fanout        ;
; Datapath:DATAPATH0|Reg8b:R5|Q[0..7]    ; Lost fanout        ;
; Datapath:DATAPATH0|Reg8b:Re4|Q[0..7]   ; Lost fanout        ;
; Total Number of Removed Registers = 32 ;                    ;
+----------------------------------------+--------------------+


+------------------------------------------------------+
; General Register Statistics                          ;
+----------------------------------------------+-------+
; Statistic                                    ; Value ;
+----------------------------------------------+-------+
; Total registers                              ; 39    ;
; Number of registers using Synchronous Clear  ; 0     ;
; Number of registers using Synchronous Load   ; 0     ;
; Number of registers using Asynchronous Clear ; 39    ;
; Number of registers using Asynchronous Load  ; 0     ;
; Number of registers using Clock Enable       ; 32    ;
; Number of registers using Preset             ; 0     ;
+----------------------------------------------+-------+


+------------------------------------------------------------------------------------------------------------------------------------------------------------+
; Multiplexer Restructuring Statistics (Restructuring Performed)                                                                                             ;
+--------------------+-----------+---------------+----------------------+------------------------+------------+----------------------------------------------+
; Multiplexer Inputs ; Bus Width ; Baseline Area ; Area if Restructured ; Saving if Restructured ; Registered ; Example Multiplexer Output                   ;
+--------------------+-----------+---------------+----------------------+------------------------+------------+----------------------------------------------+
; 4:1                ; 8 bits    ; 16 LEs        ; 16 LEs               ; 0 LEs                  ; No         ; |NivelRT|Datapath:DATAPATH0|Mux8_1:MUXA|Mux7 ;
; 4:1                ; 8 bits    ; 16 LEs        ; 16 LEs               ; 0 LEs                  ; No         ; |NivelRT|Datapath:DATAPATH0|Mux8_1:MUXB|Mux0 ;
+--------------------+-----------+---------------+----------------------+------------------------+------------+----------------------------------------------+


+------------------------------------------------------------+
; Port Connectivity Checks: "Datapath:DATAPATH0|Mux8_1:MUXB" ;
+---------+-------+----------+-------------------------------+
; Port    ; Type  ; Severity ; Details                       ;
+---------+-------+----------+-------------------------------+
; d[7..1] ; Input ; Info     ; Stuck at GND                  ;
; d[0]    ; Input ; Info     ; Stuck at VCC                  ;
+---------+-------+----------+-------------------------------+


+-------------------------------+
; Elapsed Time Per Partition    ;
+----------------+--------------+
; Partition Name ; Elapsed Time ;
+----------------+--------------+
; Top            ; 00:00:00     ;
+----------------+--------------+


+-------------------------------+
; Analysis & Synthesis Messages ;
+-------------------------------+
Info: *******************************************************************
Info: Running Quartus II 64-Bit Analysis & Synthesis
    Info: Version 13.0.1 Build 232 06/12/2013 Service Pack 1 SJ Web Edition
    Info: Processing started: Fri Aug 30 21:07:22 2024
Info: Command: quartus_map --read_settings_files=on --write_settings_files=off NivelRT -c NivelRT
Warning (20028): Parallel compilation is not licensed and has been disabled
Info (12021): Found 2 design units, including 1 entities, in source file ha.vhd
    Info (12022): Found design unit 1: HA-arq
    Info (12023): Found entity 1: HA
Info (12021): Found 2 design units, including 1 entities, in source file fa.vhd
    Info (12022): Found design unit 1: FA-arq
    Info (12023): Found entity 1: FA
Info (12021): Found 2 design units, including 1 entities, in source file reg8b.vhd
    Info (12022): Found design unit 1: Reg8b-Arq
    Info (12023): Found entity 1: Reg8b
Info (12021): Found 2 design units, including 1 entities, in source file mux8_1.vhd
    Info (12022): Found design unit 1: MUX8_1-arq
    Info (12023): Found entity 1: Mux8_1
Info (12021): Found 2 design units, including 1 entities, in source file mux2_1.vhd
    Info (12022): Found design unit 1: MUX2_1-arq
    Info (12023): Found entity 1: Mux2_1
Info (12021): Found 2 design units, including 1 entities, in source file dec3_8.vhd
    Info (12022): Found design unit 1: DEC3_8-arq
    Info (12023): Found entity 1: DEC3_8
Info (12021): Found 2 design units, including 1 entities, in source file deslc.vhd
    Info (12022): Found design unit 1: Deslc-arq
    Info (12023): Found entity 1: Deslc
Info (12021): Found 2 design units, including 1 entities, in source file ula.vhd
    Info (12022): Found design unit 1: ULA-Arq
    Info (12023): Found entity 1: ULA
Info (12021): Found 2 design units, including 1 entities, in source file datapath.vhd
    Info (12022): Found design unit 1: Datapath-Arq
    Info (12023): Found entity 1: Datapath
Info (12021): Found 2 design units, including 1 entities, in source file fsm.vhd
    Info (12022): Found design unit 1: FSM-arq
    Info (12023): Found entity 1: FSM
Info (12021): Found 2 design units, including 1 entities, in source file nivelrt.vhd
    Info (12022): Found design unit 1: NivelRT-arq
    Info (12023): Found entity 1: NivelRT
Info (12127): Elaborating entity "NivelRT" for the top level hierarchy
Info (12128): Elaborating entity "FSM" for hierarchy "FSM:FSM1"
Info (12128): Elaborating entity "Datapath" for hierarchy "Datapath:DATAPATH0"
Info (12128): Elaborating entity "Reg8b" for hierarchy "Datapath:DATAPATH0|Reg8b:Re0"
Info (12128): Elaborating entity "DEC3_8" for hierarchy "Datapath:DATAPATH0|DEC3_8:DEC"
Info (12128): Elaborating entity "Mux8_1" for hierarchy "Datapath:DATAPATH0|Mux8_1:MUXA"
Info (12128): Elaborating entity "ULA" for hierarchy "Datapath:DATAPATH0|ULA:ALU"
Info (12128): Elaborating entity "FA" for hierarchy "Datapath:DATAPATH0|ULA:ALU|FA:\G1:0:Mx"
Info (12128): Elaborating entity "Deslc" for hierarchy "Datapath:DATAPATH0|Deslc:shifter"
Info (12128): Elaborating entity "Mux2_1" for hierarchy "Datapath:DATAPATH0|Mux2_1:MUX_ULA_Shift"
Info (17049): 32 registers lost all their fanouts during netlist optimizations.
Info (16010): Generating hard_block partition "hard_block:auto_generated_inst"
    Info (16011): Adding 0 node(s), including 0 DDIO, 0 PLL, 0 transceiver and 0 LCELL
Info (21057): Implemented 174 device resources after synthesis - the final resource count might be different
    Info (21058): Implemented 10 input pins
    Info (21059): Implemented 44 output pins
    Info (21061): Implemented 120 logic cells
Info: Quartus II 64-Bit Analysis & Synthesis was successful. 0 errors, 1 warning
    Info: Peak virtual memory: 4640 megabytes
    Info: Processing ended: Fri Aug 30 21:07:24 2024
    Info: Elapsed time: 00:00:02
    Info: Total CPU time (on all processors): 00:00:02


